[debug] [2020-04-26T06:18:32.526Z] ----------------------------------------------------------------------
[debug] [2020-04-26T06:18:32.529Z] Command:       /Users/ivyli/.nvm/versions/node/v10.13.0/bin/node /Users/ivyli/.nvm/versions/node/v10.13.0/bin/firebase init
[debug] [2020-04-26T06:18:32.529Z] CLI Version:   8.1.1
[debug] [2020-04-26T06:18:32.529Z] Platform:      darwin
[debug] [2020-04-26T06:18:32.529Z] Node Version:  v10.13.0
[debug] [2020-04-26T06:18:32.530Z] Time:          Sat Apr 25 2020 23:18:32 GMT-0700 (Pacific Daylight Time)
[debug] [2020-04-26T06:18:32.530Z] ----------------------------------------------------------------------
[debug] [2020-04-26T06:18:32.530Z] 
[debug] [2020-04-26T06:18:32.536Z] > command requires scopes: ["email","openid","https://www.googleapis.com/auth/cloudplatformprojects.readonly","https://www.googleapis.com/auth/firebase","https://www.googleapis.com/auth/cloud-platform"]
[debug] [2020-04-26T06:18:32.536Z] > authorizing via signed-in user
[info] 
     ######## #### ########  ######## ########     ###     ######  ########
     ##        ##  ##     ## ##       ##     ##  ##   ##  ##       ##
     ######    ##  ########  ######   ########  #########  ######  ######
     ##        ##  ##    ##  ##       ##     ## ##     ##       ## ##
     ##       #### ##     ## ######## ########  ##     ##  ######  ########

You're about to initialize a Firebase project in this directory:

  /Users/ivyli/cnews

[info] 
=== Project Setup
[info] 
[info] First, let's associate this project directory with a Firebase project.
[info] You can create multiple project aliases by running firebase use --add, 
[info] but for now we'll just set up a default project.
[info] 
[info] 
=== Hosting Setup
[info] 
[info] Your public directory is the folder (relative to your project directory) that
[info] will contain Hosting assets to be uploaded with firebase deploy. If you
[info] have a build process for your assets, use your build's output directory.
[info] 
[info] ✔  Wrote public/404.html
[debug] [2020-04-26T06:18:50.367Z] >>> HTTP REQUEST GET https://www.gstatic.com/firebasejs/releases.json  
 
[debug] [2020-04-26T06:18:50.594Z] <<< HTTP RESPONSE 200 {"accept-ranges":"bytes","vary":"Accept-Encoding, Origin","content-type":"application/json","content-length":"1429","date":"Sun, 26 Apr 2020 06:18:50 GMT","expires":"Sun, 26 Apr 2020 07:08:50 GMT","cache-control":"public, max-age=3000","last-modified":"Thu, 23 Apr 2020 23:25:27 GMT","x-content-type-options":"nosniff","server":"sffe","x-xss-protection":"0","alt-svc":"quic=\":443\"; ma=2592000; v=\"46,43\",h3-Q050=\":443\"; ma=2592000,h3-Q049=\":443\"; ma=2592000,h3-Q048=\":443\"; ma=2592000,h3-Q046=\":443\"; ma=2592000,h3-Q043=\":443\"; ma=2592000,h3-T050=\":443\"; ma=2592000"}
